ContentProviders/Video/app/build/outputs/logs/manifest-merger-debug-report.txt
-- Merging decision tree log ---
manifest
ADDED from src/main/AndroidManifest.xml:2:1-26:12
INJECTED from src/main/AndroidManifest.xml:2:1-26:12
INJECTED from src/main/AndroidManifest.xml:2:1-26:12
MERGED from [com.android.support:support-compat:27.0.0] AndroidManifest.xml:17:1-22:12
MERGED from [android.arch.lifecycle:runtime:1.0.0] AndroidManifest.xml:17:1-30:12
INJECTED from src/main/AndroidManifest.xml:2:1-26:12
INJECTED from src/main/AndroidManifest.xml:2:1-26:12
	package
		ADDED from src/main/AndroidManifest.xml:2:11-50
	android:versionName
		ADDED from src/main/AndroidManifest.xml:5:3-28
		INJECTED from src/main/AndroidManifest.xml
		INJECTED from src/main/AndroidManifest.xml
	xmlns:android
		ADDED from src/main/AndroidManifest.xml:3:3-61
	android:versionCode
		ADDED from src/main/AndroidManifest.xml:4:3-26
		INJECTED from src/main/AndroidManifest.xml
		INJECTED from src/main/AndroidManifest.xml
uses-permission#android.permission.WRITE_EXTERNAL_STORAGE
ADDED from src/main/AndroidManifest.xml:7:3-79
	android:name
		ADDED from src/main/AndroidManifest.xml:7:20-76
supports-screens
ADDED from src/main/AndroidManifest.xml:9:3-12:36
	android:largeScreens
		ADDED from src/main/AndroidManifest.xml:10:5-32
	android:smallScreens
		ADDED from src/main/AndroidManifest.xml:12:5-33
	android:normalScreens
		ADDED from src/main/AndroidManifest.xml:11:5-33
application
ADDED from src/main/AndroidManifest.xml:14:3-25:17
MERGED from [android.arch.lifecycle:runtime:1.0.0] AndroidManifest.xml:24:5-28:19
MERGED from [android.arch.lifecycle:runtime:1.0.0] AndroidManifest.xml:24:5-28:19
	android:label
		ADDED from src/main/AndroidManifest.xml:16:5-37
	android:icon
		ADDED from src/main/AndroidManifest.xml:15:5-41
activity#com.commonsware.android.video.VideoDemo
ADDED from src/main/AndroidManifest.xml:17:5-24:16
	android:label
		ADDED from src/main/AndroidManifest.xml:19:7-32
	android:name
		ADDED from src/main/AndroidManifest.xml:18:7-32
intent-filter#android.intent.action.MAIN+android.intent.category.LAUNCHER
ADDED from src/main/AndroidManifest.xml:20:7-23:23
action#android.intent.action.MAIN
ADDED from src/main/AndroidManifest.xml:21:9-61
	android:name
		ADDED from src/main/AndroidManifest.xml:21:17-58
category#android.intent.category.LAUNCHER
ADDED from src/main/AndroidManifest.xml:22:9-69
	android:name
		ADDED from src/main/AndroidManifest.xml:22:19-66
uses-sdk
INJECTED from src/main/AndroidManifest.xml reason: use-sdk injection requested
INJECTED from src/main/AndroidManifest.xml
INJECTED from src/main/AndroidManifest.xml
MERGED from [com.android.support:support-compat:27.0.0] AndroidManifest.xml:20:5-44
MERGED from [com.android.support:support-compat:27.0.0] AndroidManifest.xml:20:5-44
MERGED from [android.arch.lifecycle:runtime:1.0.0] AndroidManifest.xml:20:5-22:41
MERGED from [android.arch.lifecycle:runtime:1.0.0] AndroidManifest.xml:20:5-22:41
INJECTED from src/main/AndroidManifest.xml
INJECTED from src/main/AndroidManifest.xml
	android:targetSdkVersion
		INJECTED from src/main/AndroidManifest.xml
		ADDED from src/main/AndroidManifest.xml
		INJECTED from src/main/AndroidManifest.xml
	android:minSdkVersion
		INJECTED from src/main/AndroidManifest.xml
		ADDED from src/main/AndroidManifest.xml
		INJECTED from src/main/AndroidManifest.xml
meta-data#android.arch.lifecycle.VERSION
ADDED from [android.arch.lifecycle:runtime:1.0.0] AndroidManifest.xml:25:9-27:47
	android:value
		ADDED from [android.arch.lifecycle:runtime:1.0.0] AndroidManifest.xml:27:13-44
	android:name
		ADDED from [android.arch.lifecycle:runtime:1.0.0] AndroidManifest.xml:26:13-58